{
  "stats": {
    "suites": 1,
    "tests": 5,
    "passes": 5,
    "pending": 0,
    "failures": 0,
    "start": "2024-03-25T05:36:54.923Z",
    "end": "2024-03-25T05:37:11.239Z",
    "duration": 16316,
    "testsRegistered": 5,
    "passPercent": 100,
    "pendingPercent": 0,
    "other": 0,
    "hasOther": false,
    "skipped": 0,
    "hasSkipped": false
  },
  "results": [
    {
      "uuid": "5cfb6654-4c73-4376-b340-ea1c51f7d07f",
      "title": "",
      "fullFile": "C:\\Users\\HANIA BATOOL\\Automation-TODO\\test\\test-todo.js",
      "file": "\\test\\test-todo.js",
      "beforeHooks": [],
      "afterHooks": [],
      "tests": [],
      "suites": [
        {
          "uuid": "5b521f0a-afa3-4d90-b974-b881496804a2",
          "title": "To - do List Automation",
          "fullFile": "C:\\Users\\HANIA BATOOL\\Automation-TODO\\test\\test-todo.js",
          "file": "\\test\\test-todo.js",
          "beforeHooks": [
            {
              "title": "\"before all\" hook in \"To - do List Automation\"",
              "fullTitle": "To - do List Automation \"before all\" hook in \"To - do List Automation\"",
              "timedOut": false,
              "duration": 5783,
              "state": null,
              "speed": null,
              "pass": false,
              "fail": false,
              "pending": false,
              "context": null,
              "code": "driver = await new Builder().forBrowser('chrome').build();",
              "err": {},
              "uuid": "cfebbc21-64ff-4425-9e4e-9c26661a3502",
              "parentUUID": "5b521f0a-afa3-4d90-b974-b881496804a2",
              "isHook": true,
              "skipped": false
            }
          ],
          "afterHooks": [
            {
              "title": "\"after all\" hook in \"To - do List Automation\"",
              "fullTitle": "To - do List Automation \"after all\" hook in \"To - do List Automation\"",
              "timedOut": false,
              "duration": 1156,
              "state": null,
              "speed": null,
              "pass": false,
              "fail": false,
              "pending": false,
              "context": null,
              "code": "await driver.quit();",
              "err": {},
              "uuid": "cc4efed3-5fbe-415d-bc45-ef60987d5d6a",
              "parentUUID": "5b521f0a-afa3-4d90-b974-b881496804a2",
              "isHook": true,
              "skipped": false
            }
          ],
          "tests": [
            {
              "title": "SHOULD LOGIN",
              "fullTitle": "To - do List Automation SHOULD LOGIN",
              "timedOut": false,
              "duration": 6600,
              "state": "passed",
              "speed": "slow",
              "pass": true,
              "fail": false,
              "pending": false,
              "context": null,
              "code": "await driver.get('https://ahmed-todo.netlify.app/login.html');\nawait driver.findElement(By.css('#loginEmail')).sendKeys('ahmed829b@gmail.com');\nawait driver.findElement(By.css('#loginPassword')).sendKeys('Mahmed3222');\nawait driver.findElement(By.css('#loginBtn')).click();\nawait driver.wait(until.urlIs('https://ahmed-todo.netlify.app/index.html'), 20000);",
              "err": {},
              "uuid": "632e97d3-03eb-4188-8c29-ed123b537cc0",
              "parentUUID": "5b521f0a-afa3-4d90-b974-b881496804a2",
              "isHook": false,
              "skipped": false
            },
            {
              "title": "SHOULD ADD A TASK",
              "fullTitle": "To - do List Automation SHOULD ADD A TASK",
              "timedOut": false,
              "duration": 656,
              "state": "passed",
              "speed": "slow",
              "pass": true,
              "fail": false,
              "pending": false,
              "context": null,
              "code": "await driver.findElement(By.css('#new-task')).sendKeys('GO TO COLLAGE');\nawait driver.findElement(By.css('#addBtn')).click();",
              "err": {},
              "uuid": "fc5d3e8f-39e6-424c-82d0-55951d84c9f6",
              "parentUUID": "5b521f0a-afa3-4d90-b974-b881496804a2",
              "isHook": false,
              "skipped": false
            },
            {
              "title": "SHOULD CLICK ON A TASK AND MARK IT AS COMPLETE",
              "fullTitle": "To - do List Automation SHOULD CLICK ON A TASK AND MARK IT AS COMPLETE",
              "timedOut": false,
              "duration": 845,
              "state": "passed",
              "speed": "slow",
              "pass": true,
              "fail": false,
              "pending": false,
              "context": null,
              "code": "await driver.wait(until.elementsLocated(By.css('.task-text')), 10000);\nconst taskElements = await driver.findElements(By.css('.task-text'));\nif (taskElements.length > 0) {\n  const firstTaskElement = taskElements[0];\n  await firstTaskElement.click();\n} else {\n  throw new Error('No tasks found');\n}",
              "err": {},
              "uuid": "06322e99-822d-4e3e-a281-076b4c69f6f6",
              "parentUUID": "5b521f0a-afa3-4d90-b974-b881496804a2",
              "isHook": false,
              "skipped": false
            },
            {
              "title": "SHOULD DELETE A TASK",
              "fullTitle": "To - do List Automation SHOULD DELETE A TASK",
              "timedOut": false,
              "duration": 334,
              "state": "passed",
              "speed": "slow",
              "pass": true,
              "fail": false,
              "pending": false,
              "context": null,
              "code": "await driver.wait(until.elementsLocated(By.css('.task-text')), 10000);\nconst deleteButton = await driver.findElement(By.css('#delbutton'));\nawait deleteButton.click();",
              "err": {},
              "uuid": "f69e1f6a-8312-44bb-ae17-b6f854724f1a",
              "parentUUID": "5b521f0a-afa3-4d90-b974-b881496804a2",
              "isHook": false,
              "skipped": false
            },
            {
              "title": "SHOULD LOGOUT",
              "fullTitle": "To - do List Automation SHOULD LOGOUT",
              "timedOut": false,
              "duration": 854,
              "state": "passed",
              "speed": "slow",
              "pass": true,
              "fail": false,
              "pending": false,
              "context": null,
              "code": "await driver.findElement(By.css('#logout-btn')).click();",
              "err": {},
              "uuid": "680b732d-fea2-439d-b7d7-ec1e2f92d02e",
              "parentUUID": "5b521f0a-afa3-4d90-b974-b881496804a2",
              "isHook": false,
              "skipped": false
            }
          ],
          "suites": [],
          "passes": [
            "632e97d3-03eb-4188-8c29-ed123b537cc0",
            "fc5d3e8f-39e6-424c-82d0-55951d84c9f6",
            "06322e99-822d-4e3e-a281-076b4c69f6f6",
            "f69e1f6a-8312-44bb-ae17-b6f854724f1a",
            "680b732d-fea2-439d-b7d7-ec1e2f92d02e"
          ],
          "failures": [],
          "pending": [],
          "skipped": [],
          "duration": 9289,
          "root": false,
          "rootEmpty": false,
          "_timeout": 10000
        }
      ],
      "passes": [],
      "failures": [],
      "pending": [],
      "skipped": [],
      "duration": 0,
      "root": true,
      "rootEmpty": true,
      "_timeout": 10000
    }
  ],
  "meta": {
    "mocha": {
      "version": "10.3.0"
    },
    "mochawesome": {
      "options": {
        "quiet": false,
        "reportFilename": "mochawesome",
        "saveHtml": true,
        "saveJson": true,
        "consoleReporter": "spec",
        "useInlineDiffs": false,
        "code": true
      },
      "version": "7.1.3"
    },
    "marge": {
      "options": null,
      "version": "6.2.0"
    }
  }
}