{
  "stats": {
    "suites": 1,
    "tests": 5,
    "passes": 5,
    "pending": 0,
    "failures": 0,
    "start": "2024-04-03T07:26:28.660Z",
    "end": "2024-04-03T07:26:41.343Z",
    "duration": 12683,
    "testsRegistered": 5,
    "passPercent": 100,
    "pendingPercent": 0,
    "other": 0,
    "hasOther": false,
    "skipped": 0,
    "hasSkipped": false
  },
  "results": [
    {
      "uuid": "cb2f7b46-6f21-43eb-a07a-86ee9958a854",
      "title": "",
      "fullFile": "C:\\Users\\HANIA BATOOL\\Automation-TODO\\test\\test-todo.js",
      "file": "\\test\\test-todo.js",
      "beforeHooks": [],
      "afterHooks": [],
      "tests": [],
      "suites": [
        {
          "uuid": "159ea07f-e043-4ef4-9f67-1694ff665fef",
          "title": "To - do List Automation",
          "fullFile": "C:\\Users\\HANIA BATOOL\\Automation-TODO\\test\\test-todo.js",
          "file": "\\test\\test-todo.js",
          "beforeHooks": [
            {
              "title": "\"before all\" hook in \"To - do List Automation\"",
              "fullTitle": "To - do List Automation \"before all\" hook in \"To - do List Automation\"",
              "timedOut": false,
              "duration": 3725,
              "state": null,
              "speed": null,
              "pass": false,
              "fail": false,
              "pending": false,
              "context": null,
              "code": "driver = await new Builder().forBrowser('chrome').build();",
              "err": {},
              "uuid": "44e40ebd-67ef-4e8c-96ca-274d13f5302f",
              "parentUUID": "159ea07f-e043-4ef4-9f67-1694ff665fef",
              "isHook": true,
              "skipped": false
            }
          ],
          "afterHooks": [
            {
              "title": "\"after all\" hook in \"To - do List Automation\"",
              "fullTitle": "To - do List Automation \"after all\" hook in \"To - do List Automation\"",
              "timedOut": false,
              "duration": 572,
              "state": null,
              "speed": null,
              "pass": false,
              "fail": false,
              "pending": false,
              "context": null,
              "code": "await driver.quit();",
              "err": {},
              "uuid": "3ab6fd0e-3b5e-449d-aa26-f7f7e49a1ce4",
              "parentUUID": "159ea07f-e043-4ef4-9f67-1694ff665fef",
              "isHook": true,
              "skipped": false
            }
          ],
          "tests": [
            {
              "title": "SHOULD LOGIN",
              "fullTitle": "To - do List Automation SHOULD LOGIN",
              "timedOut": false,
              "duration": 5916,
              "state": "passed",
              "speed": "slow",
              "pass": true,
              "fail": false,
              "pending": false,
              "context": null,
              "code": "await driver.get('https://ahmed-todo.netlify.app/login.html');\nawait driver.findElement(By.css('#loginEmail')).sendKeys('ahmed829b@gmail.com');\nawait driver.findElement(By.css('#loginPassword')).sendKeys('Mahmed3222');\nawait driver.findElement(By.css('#loginBtn')).click();\nawait driver.wait(until.urlIs('https://ahmed-todo.netlify.app/index.html'), 20000);",
              "err": {},
              "uuid": "afedc4ad-57f7-4a1a-8522-f18144e8fc73",
              "parentUUID": "159ea07f-e043-4ef4-9f67-1694ff665fef",
              "isHook": false,
              "skipped": false
            },
            {
              "title": "SHOULD ADD A TASK",
              "fullTitle": "To - do List Automation SHOULD ADD A TASK",
              "timedOut": false,
              "duration": 522,
              "state": "passed",
              "speed": "slow",
              "pass": true,
              "fail": false,
              "pending": false,
              "context": null,
              "code": "await driver.findElement(By.css('#new-task')).sendKeys('GO TO COLLAGE');\nawait driver.findElement(By.css('#addBtn')).click();",
              "err": {},
              "uuid": "23360bc2-8d20-45c5-86e7-644a73ab99e4",
              "parentUUID": "159ea07f-e043-4ef4-9f67-1694ff665fef",
              "isHook": false,
              "skipped": false
            },
            {
              "title": "SHOULD CLICK ON A TASK AND MARK IT AS COMPLETE",
              "fullTitle": "To - do List Automation SHOULD CLICK ON A TASK AND MARK IT AS COMPLETE",
              "timedOut": false,
              "duration": 1013,
              "state": "passed",
              "speed": "slow",
              "pass": true,
              "fail": false,
              "pending": false,
              "context": null,
              "code": "await driver.wait(until.elementsLocated(By.css('.task-text')), 10000);\nconst taskElements = await driver.findElements(By.css('.task-text'));\nif (taskElements.length > 0) {\n  const firstTaskElement = taskElements[0];\n  await firstTaskElement.click();\n} else {\n  throw new Error('No tasks found');\n}",
              "err": {},
              "uuid": "e3275435-3fcb-4fdf-b47c-95c6b87651de",
              "parentUUID": "159ea07f-e043-4ef4-9f67-1694ff665fef",
              "isHook": false,
              "skipped": false
            },
            {
              "title": "SHOULD DELETE A TASK",
              "fullTitle": "To - do List Automation SHOULD DELETE A TASK",
              "timedOut": false,
              "duration": 299,
              "state": "passed",
              "speed": "slow",
              "pass": true,
              "fail": false,
              "pending": false,
              "context": null,
              "code": "await driver.wait(until.elementsLocated(By.css('.task-text')), 10000);\nconst deleteButton = await driver.findElement(By.css('#delbutton'));\nawait deleteButton.click();",
              "err": {},
              "uuid": "f9df2bf8-9735-4ae1-ac06-84492e5566da",
              "parentUUID": "159ea07f-e043-4ef4-9f67-1694ff665fef",
              "isHook": false,
              "skipped": false
            },
            {
              "title": "SHOULD LOGOUT",
              "fullTitle": "To - do List Automation SHOULD LOGOUT",
              "timedOut": false,
              "duration": 600,
              "state": "passed",
              "speed": "slow",
              "pass": true,
              "fail": false,
              "pending": false,
              "context": null,
              "code": "await driver.findElement(By.css('#logout-btn')).click();",
              "err": {},
              "uuid": "59e54991-ea3b-45dc-8902-44bce010758b",
              "parentUUID": "159ea07f-e043-4ef4-9f67-1694ff665fef",
              "isHook": false,
              "skipped": false
            }
          ],
          "suites": [],
          "passes": [
            "afedc4ad-57f7-4a1a-8522-f18144e8fc73",
            "23360bc2-8d20-45c5-86e7-644a73ab99e4",
            "e3275435-3fcb-4fdf-b47c-95c6b87651de",
            "f9df2bf8-9735-4ae1-ac06-84492e5566da",
            "59e54991-ea3b-45dc-8902-44bce010758b"
          ],
          "failures": [],
          "pending": [],
          "skipped": [],
          "duration": 8350,
          "root": false,
          "rootEmpty": false,
          "_timeout": 10000
        }
      ],
      "passes": [],
      "failures": [],
      "pending": [],
      "skipped": [],
      "duration": 0,
      "root": true,
      "rootEmpty": true,
      "_timeout": 10000
    }
  ],
  "meta": {
    "mocha": {
      "version": "10.3.0"
    },
    "mochawesome": {
      "options": {
        "quiet": false,
        "reportFilename": "mochawesome",
        "saveHtml": true,
        "saveJson": true,
        "consoleReporter": "spec",
        "useInlineDiffs": false,
        "code": true
      },
      "version": "7.1.3"
    },
    "marge": {
      "options": null,
      "version": "6.2.0"
    }
  }
}